<?xml version="1.0" encoding="UTF-8"?>
<!-- Generated by org.testng.reporters.JUnitReportReporter -->
<testsuite hostname="LTIN378960" failures="0" tests="1" name="com.testngUtilities.TestNGPractice" time="0.001" errors="0" timestamp="2024-10-06T19:42:58 IST" skipped="0">
  <testcase classname="com.testngUtilities.TestNGPractice" name="test" time="0.001"/>
</testsuite> <!-- com.testngUtilities.TestNGPractice -->
